<?xml version="1.0" encoding="UTF-8"?>
<!-- Generated by org.testng.reporters.JUnitReportReporter -->
<testsuite hostname="LAPTOP-2S8JFND3" failures="0" tests="3" name="testCases.AddProduct" time="40.707" errors="0" timestamp="2024-04-03T17:24:22 IST" skipped="0">
  <testcase classname="testCases.AddProduct" name="addProduct" time="31.903"/>
  <system-out/>
  <testcase classname="testCases.AddProduct" name="searchProduct" time="4.256"/>
  <system-out/>
  <testcase classname="testCases.AddProduct" name="deleteproduct" time="4.548"/>
  <system-out/>
</testsuite> <!-- testCases.AddProduct -->
