<?xml version="1.0" encoding="UTF-8"?>
<!-- Generated by org.testng.reporters.JUnitReportReporter -->
<testsuite hostname="LAPTOP-2S8JFND3" failures="0" tests="2" name="testCases.ValidLogin" time="8.496" errors="0" timestamp="2024-04-03T23:19:34 IST" skipped="0">
  <testcase classname="testCases.ValidLogin" name="invalidLogin" time="3.349"/>
  <system-out/>
  <testcase classname="testCases.ValidLogin" name="login" time="5.147"/>
  <system-out/>
</testsuite> <!-- testCases.ValidLogin -->
