<?xml version="1.0" encoding="UTF-8"?>
<!-- Generated by org.testng.reporters.JUnitReportReporter -->
<testsuite hostname="LAPTOP-2S8JFND3" failures="0" tests="6" name="testCases.AddUnit" time="32.611" errors="0" timestamp="2024-04-03T23:19:34 IST" skipped="1">
  <testcase classname="testCases.AddUnit" name="addUnit" time="13.485"/>
  <system-out/>
  <testcase classname="testCases.AddUnit" name="searchUnit" time="4.220"/>
  <system-out/>
  <testcase classname="testCases.AddUnit" name="addBrand" time="4.353"/>
  <system-out/>
  <testcase classname="testCases.AddUnit" name="searchBrand" time="4.288"/>
  <system-out/>
  <testcase classname="testCases.AddUnit" name="deleteBrand" time="6.265"/>
  <system-out/>
  <testcase classname="testCases.AddUnit" name="addBrandwoValue">
    <skipped/>
  </testcase> <!-- addBrandwoValue -->
  <system-out/>
</testsuite> <!-- testCases.AddUnit -->
