<?xml version="1.0" encoding="UTF-8"?>
<!-- Generated by org.testng.reporters.JUnitReportReporter -->
<testsuite hostname="LAPTOP-2S8JFND3" failures="0" tests="3" name="testCases.AddProduct" time="0.000" errors="0" timestamp="2024-04-05T15:32:40 IST" skipped="3">
  <testcase classname="testCases.AddProduct" name="addProduct" time="0.000">
    <skipped/>
  </testcase> <!-- addProduct -->
  <system-out/>
  <testcase classname="testCases.AddProduct" name="searchProduct" time="0.000">
    <skipped/>
  </testcase> <!-- searchProduct -->
  <system-out/>
  <testcase classname="testCases.AddProduct" name="deleteproduct" time="0.000">
    <skipped/>
  </testcase> <!-- deleteproduct -->
  <system-out/>
</testsuite> <!-- testCases.AddProduct -->
