<?xml version="1.0" encoding="UTF-8"?>
<!-- Generated by org.testng.reporters.JUnitReportReporter -->
<testsuite hostname="LAPTOP-2S8JFND3" failures="0" tests="2" name="testCases.ValidLogin" time="14.758" errors="0" timestamp="2024-04-05T15:33:54 IST" skipped="0">
  <testcase classname="testCases.ValidLogin" name="invalidLogin" time="8.770"/>
  <system-out/>
  <testcase classname="testCases.ValidLogin" name="login" time="5.988"/>
  <system-out/>
</testsuite> <!-- testCases.ValidLogin -->
